<?xml version="1.0" encoding="UTF-8"?>
<!-- Generated by org.testng.reporters.JUnitXMLReporter -->
<testsuite ignored="0" hostname="DESKTOP-571IDC" failures="2" tests="6" name="Default test" time="0.313" errors="0" timestamp="2023-12-16T14:50:16 IST">
  <testcase classname="testcases.POModelPharmeasyTest" name="@BeforeClass beforeClass" time="-1.702718416827E9">
    <failure type="org.testng.TestNGException" message="
Parameter &amp;apos;Browser&amp;apos; is required by BeforeClass on method beforeClass but has not been marked @Optional or defined
in C:\Users\P1344425\AppData\Local\Temp\testng-eclipse-1180005804\testng-customsuite.xml">
      <![CDATA[org.testng.TestNGException: 
Parameter 'Browser' is required by BeforeClass on method beforeClass but has not been marked @Optional or defined
in C:\Users\P1344425\AppData\Local\Temp\testng-eclipse-1180005804\testng-customsuite.xml
at org.testng.internal.Parameters.createParams(Parameters.java:267)
at org.testng.internal.Parameters.createParametersForMethod(Parameters.java:355)
at org.testng.internal.Parameters.createParameters(Parameters.java:684)
at org.testng.internal.Parameters.createConfigurationParameters(Parameters.java:166)
at org.testng.internal.invokers.ConfigInvoker.invokeConfigurations(ConfigInvoker.java:306)
at org.testng.internal.invokers.TestMethodWorker.invokeBeforeClassMethods(TestMethodWorker.java:180)
at org.testng.internal.invokers.TestMethodWorker.run(TestMethodWorker.java:122)
at java.base/java.util.ArrayList.forEach(ArrayList.java:1511)
at org.testng.TestRunner.privateRun(TestRunner.java:848)
at org.testng.TestRunner.run(TestRunner.java:621)
at org.testng.SuiteRunner.runTest(SuiteRunner.java:443)
at org.testng.SuiteRunner.runSequentially(SuiteRunner.java:437)
at org.testng.SuiteRunner.privateRun(SuiteRunner.java:397)
at org.testng.SuiteRunner.run(SuiteRunner.java:336)
at org.testng.SuiteRunnerWorker.runSuite(SuiteRunnerWorker.java:52)
at org.testng.SuiteRunnerWorker.run(SuiteRunnerWorker.java:95)
at org.testng.TestNG.runSuitesSequentially(TestNG.java:1280)
at org.testng.TestNG.runSuitesLocally(TestNG.java:1200)
at org.testng.TestNG.runSuites(TestNG.java:1114)
at org.testng.TestNG.run(TestNG.java:1082)
at org.testng.remote.AbstractRemoteTestNG.run(AbstractRemoteTestNG.java:115)
at org.testng.remote.RemoteTestNG.initAndRun(RemoteTestNG.java:251)
at org.testng.remote.RemoteTestNG.main(RemoteTestNG.java:77)
]]>
    </failure>
  </testcase> <!-- @BeforeClass beforeClass -->
  <testcase classname="testcases.POModelPharmeasyTest" name="@AfterMethod postTest" time="0.0">
    <skipped/>
  </testcase> <!-- @AfterMethod postTest -->
  <testcase classname="testcases.POModelPharmeasyTest" name="@AfterMethod postTest" time="0.0">
    <skipped/>
  </testcase> <!-- @AfterMethod postTest -->
  <testcase classname="testcases.POModelPharmeasyTest" name="@AfterMethod postTest" time="0.0">
    <skipped/>
  </testcase> <!-- @AfterMethod postTest -->
  <testcase classname="testcases.POModelPharmeasyTest" name="@AfterMethod postTest" time="0.0">
    <skipped/>
  </testcase> <!-- @AfterMethod postTest -->
  <testcase classname="testcases.POModelPharmeasyTest" name="@AfterClass afterClass" time="0.0">
    <skipped/>
  </testcase> <!-- @AfterClass afterClass -->
  <testcase classname="testcases.POModelPharmeasyTest" name="@AfterTest end" time="0.0">
    <skipped/>
  </testcase> <!-- @AfterTest end -->
  <testcase classname="testcases.POModelPharmeasyTest" name="LabTestsTest" time="0.0">
    <skipped/>
  </testcase> <!-- LabTestsTest -->
  <testcase classname="testcases.POModelPharmeasyTest" name="SetLocationTest" time="0.0">
    <failure type="org.testng.TestNGException" message="
Parameter &amp;apos;pinCode&amp;apos; is required by @Test on method SetLocationTest but has not been marked @Optional or defined
in C:\Users\P1344425\AppData\Local\Temp\testng-eclipse-1180005804\testng-customsuite.xml">
      <![CDATA[org.testng.TestNGException: 
Parameter 'pinCode' is required by @Test on method SetLocationTest but has not been marked @Optional or defined
in C:\Users\P1344425\AppData\Local\Temp\testng-eclipse-1180005804\testng-customsuite.xml
at org.testng.internal.Parameters.createParams(Parameters.java:267)
at org.testng.internal.Parameters.createParametersForMethod(Parameters.java:355)
at org.testng.internal.Parameters.createParameters(Parameters.java:684)
at org.testng.internal.Parameters.handleParameters(Parameters.java:879)
at org.testng.internal.Parameters.handleParameters(Parameters.java:728)
at org.testng.internal.invokers.ParameterHandler.handleParameters(ParameterHandler.java:72)
at org.testng.internal.invokers.ParameterHandler.createParameters(ParameterHandler.java:51)
at org.testng.internal.invokers.TestInvoker$MethodInvocationAgent.invoke(TestInvoker.java:911)
at org.testng.internal.invokers.TestInvoker.invokeTestMethods(TestInvoker.java:200)
at org.testng.internal.invokers.TestMethodWorker.invokeTestMethods(TestMethodWorker.java:148)
at org.testng.internal.invokers.TestMethodWorker.run(TestMethodWorker.java:128)
at java.base/java.util.ArrayList.forEach(ArrayList.java:1511)
at org.testng.TestRunner.privateRun(TestRunner.java:848)
at org.testng.TestRunner.run(TestRunner.java:621)
at org.testng.SuiteRunner.runTest(SuiteRunner.java:443)
at org.testng.SuiteRunner.runSequentially(SuiteRunner.java:437)
at org.testng.SuiteRunner.privateRun(SuiteRunner.java:397)
at org.testng.SuiteRunner.run(SuiteRunner.java:336)
at org.testng.SuiteRunnerWorker.runSuite(SuiteRunnerWorker.java:52)
at org.testng.SuiteRunnerWorker.run(SuiteRunnerWorker.java:95)
at org.testng.TestNG.runSuitesSequentially(TestNG.java:1280)
at org.testng.TestNG.runSuitesLocally(TestNG.java:1200)
at org.testng.TestNG.runSuites(TestNG.java:1114)
at org.testng.TestNG.run(TestNG.java:1082)
at org.testng.remote.AbstractRemoteTestNG.run(AbstractRemoteTestNG.java:115)
at org.testng.remote.RemoteTestNG.initAndRun(RemoteTestNG.java:251)
at org.testng.remote.RemoteTestNG.main(RemoteTestNG.java:77)
]]>
    </failure>
  </testcase> <!-- SetLocationTest -->
  <testcase classname="testcases.POModelPharmeasyTest" name="searchTest" time="0.0">
    <failure type="org.testng.TestNGException" message="
Parameter &amp;apos;testName&amp;apos; is required by @Test on method searchTest but has not been marked @Optional or defined
in C:\Users\P1344425\AppData\Local\Temp\testng-eclipse-1180005804\testng-customsuite.xml">
      <![CDATA[org.testng.TestNGException: 
Parameter 'testName' is required by @Test on method searchTest but has not been marked @Optional or defined
in C:\Users\P1344425\AppData\Local\Temp\testng-eclipse-1180005804\testng-customsuite.xml
at org.testng.internal.Parameters.createParams(Parameters.java:267)
at org.testng.internal.Parameters.createParametersForMethod(Parameters.java:355)
at org.testng.internal.Parameters.createParameters(Parameters.java:684)
at org.testng.internal.Parameters.handleParameters(Parameters.java:879)
at org.testng.internal.Parameters.handleParameters(Parameters.java:728)
at org.testng.internal.invokers.ParameterHandler.handleParameters(ParameterHandler.java:72)
at org.testng.internal.invokers.ParameterHandler.createParameters(ParameterHandler.java:51)
at org.testng.internal.invokers.TestInvoker$MethodInvocationAgent.invoke(TestInvoker.java:911)
at org.testng.internal.invokers.TestInvoker.invokeTestMethods(TestInvoker.java:200)
at org.testng.internal.invokers.TestMethodWorker.invokeTestMethods(TestMethodWorker.java:148)
at org.testng.internal.invokers.TestMethodWorker.run(TestMethodWorker.java:128)
at java.base/java.util.ArrayList.forEach(ArrayList.java:1511)
at org.testng.TestRunner.privateRun(TestRunner.java:848)
at org.testng.TestRunner.run(TestRunner.java:621)
at org.testng.SuiteRunner.runTest(SuiteRunner.java:443)
at org.testng.SuiteRunner.runSequentially(SuiteRunner.java:437)
at org.testng.SuiteRunner.privateRun(SuiteRunner.java:397)
at org.testng.SuiteRunner.run(SuiteRunner.java:336)
at org.testng.SuiteRunnerWorker.runSuite(SuiteRunnerWorker.java:52)
at org.testng.SuiteRunnerWorker.run(SuiteRunnerWorker.java:95)
at org.testng.TestNG.runSuitesSequentially(TestNG.java:1280)
at org.testng.TestNG.runSuitesLocally(TestNG.java:1200)
at org.testng.TestNG.runSuites(TestNG.java:1114)
at org.testng.TestNG.run(TestNG.java:1082)
at org.testng.remote.AbstractRemoteTestNG.run(AbstractRemoteTestNG.java:115)
at org.testng.remote.RemoteTestNG.initAndRun(RemoteTestNG.java:251)
at org.testng.remote.RemoteTestNG.main(RemoteTestNG.java:77)
]]>
    </failure>
  </testcase> <!-- searchTest -->
  <testcase classname="testcases.POModelPharmeasyTest" name="SelectTest" time="0.0">
    <skipped/>
  </testcase> <!-- SelectTest -->
  <testcase classname="testcases.POModelPharmeasyTest" name="ViewCartTest" time="0.0">
    <skipped/>
  </testcase> <!-- ViewCartTest -->
  <testcase classname="testcases.POModelPharmeasyTest" name="ProceedTest" time="0.0">
    <skipped/>
  </testcase> <!-- ProceedTest -->
</testsuite> <!-- Default test -->
